[     125ms] [LOG] [Fast Refresh] rebuilding @ webpack-internal:///(app-pages-browser)/../../node_modules/.pnpm/next@14.2.35_react-dom@18.3.1_react@18.3.1__react@18.3.1/node_modules/next/dist/client/components/react-dev-overlay/app/hot-reloader-client.js:186
[     443ms] [LOG] [Fast Refresh] done in 319ms @ webpack-internal:///(app-pages-browser)/../../node_modules/.pnpm/next@14.2.35_react-dom@18.3.1_react@18.3.1__react@18.3.1/node_modules/next/dist/client/components/react-dev-overlay/app/hot-reloader-client.js:43
[     726ms] [INFO] %cDownload the React DevTools for a better development experience: https://reactjs.org/link/react-devtools font-weight:bold @ webpack-internal:///(app-pages-browser)/../../node_modules/.pnpm/next@14.2.35_react-dom@18.3.1_react@18.3.1__react@18.3.1/node_modules/next/dist/compiled/react-dom/cjs/react-dom.development.js:38559
[   24265ms] [ERROR] WebSocket connection to 'ws://localhost:3001/terminal' failed: Error during WebSocket handshake: net::ERR_CONNECTION_RESET @ webpack-internal:///(app-pages-browser)/./components/web-terminal.tsx:53
[   24765ms] [ERROR] Failed to load resource: net::ERR_CONNECTION_REFUSED @ http://localhost:3001/actors/59dad6ec-c8dd-4645-83cb-427a625e8f6a:0
[   24765ms] [ERROR] Failed to load resource: net::ERR_CONNECTION_REFUSED @ http://localhost:3001/wake-events?agent_id=59dad6ec-c8dd-4645-83cb-427a625e8f6a:0
[   27765ms] [ERROR] Failed to load resource: net::ERR_CONNECTION_REFUSED @ http://localhost:3001/actors/59dad6ec-c8dd-4645-83cb-427a625e8f6a:0
[   27765ms] [ERROR] Failed to load resource: net::ERR_CONNECTION_REFUSED @ http://localhost:3001/wake-events?agent_id=59dad6ec-c8dd-4645-83cb-427a625e8f6a:0
[   30762ms] [ERROR] Failed to load resource: net::ERR_CONNECTION_REFUSED @ http://localhost:3001/actors/59dad6ec-c8dd-4645-83cb-427a625e8f6a:0
[   30762ms] [ERROR] Failed to load resource: net::ERR_CONNECTION_REFUSED @ http://localhost:3001/wake-events?agent_id=59dad6ec-c8dd-4645-83cb-427a625e8f6a:0
[   33764ms] [ERROR] Failed to load resource: net::ERR_CONNECTION_REFUSED @ http://localhost:3001/actors/59dad6ec-c8dd-4645-83cb-427a625e8f6a:0
[   33764ms] [ERROR] Failed to load resource: net::ERR_CONNECTION_REFUSED @ http://localhost:3001/wake-events?agent_id=59dad6ec-c8dd-4645-83cb-427a625e8f6a:0
[   36763ms] [ERROR] Failed to load resource: net::ERR_CONNECTION_REFUSED @ http://localhost:3001/actors/59dad6ec-c8dd-4645-83cb-427a625e8f6a:0
[   36763ms] [ERROR] Failed to load resource: net::ERR_CONNECTION_REFUSED @ http://localhost:3001/wake-events?agent_id=59dad6ec-c8dd-4645-83cb-427a625e8f6a:0
[   39766ms] [ERROR] Failed to load resource: net::ERR_CONNECTION_REFUSED @ http://localhost:3001/actors/59dad6ec-c8dd-4645-83cb-427a625e8f6a:0
[   39766ms] [ERROR] Failed to load resource: net::ERR_CONNECTION_REFUSED @ http://localhost:3001/wake-events?agent_id=59dad6ec-c8dd-4645-83cb-427a625e8f6a:0
[   42764ms] [ERROR] Failed to load resource: net::ERR_CONNECTION_REFUSED @ http://localhost:3001/actors/59dad6ec-c8dd-4645-83cb-427a625e8f6a:0
[   42764ms] [ERROR] Failed to load resource: net::ERR_CONNECTION_REFUSED @ http://localhost:3001/wake-events?agent_id=59dad6ec-c8dd-4645-83cb-427a625e8f6a:0
[   45764ms] [ERROR] Failed to load resource: net::ERR_CONNECTION_REFUSED @ http://localhost:3001/actors/59dad6ec-c8dd-4645-83cb-427a625e8f6a:0
[   45764ms] [ERROR] Failed to load resource: net::ERR_CONNECTION_REFUSED @ http://localhost:3001/wake-events?agent_id=59dad6ec-c8dd-4645-83cb-427a625e8f6a:0
[   48767ms] [ERROR] Failed to load resource: net::ERR_CONNECTION_REFUSED @ http://localhost:3001/actors/59dad6ec-c8dd-4645-83cb-427a625e8f6a:0
[   48767ms] [ERROR] Failed to load resource: net::ERR_CONNECTION_REFUSED @ http://localhost:3001/wake-events?agent_id=59dad6ec-c8dd-4645-83cb-427a625e8f6a:0
[   51763ms] [ERROR] Failed to load resource: net::ERR_CONNECTION_REFUSED @ http://localhost:3001/actors/59dad6ec-c8dd-4645-83cb-427a625e8f6a:0
[   51763ms] [ERROR] Failed to load resource: net::ERR_CONNECTION_REFUSED @ http://localhost:3001/wake-events?agent_id=59dad6ec-c8dd-4645-83cb-427a625e8f6a:0
[   54763ms] [ERROR] Failed to load resource: net::ERR_CONNECTION_REFUSED @ http://localhost:3001/actors/59dad6ec-c8dd-4645-83cb-427a625e8f6a:0
[   54763ms] [ERROR] Failed to load resource: net::ERR_CONNECTION_REFUSED @ http://localhost:3001/wake-events?agent_id=59dad6ec-c8dd-4645-83cb-427a625e8f6a:0
[   57765ms] [ERROR] Failed to load resource: net::ERR_CONNECTION_REFUSED @ http://localhost:3001/actors/59dad6ec-c8dd-4645-83cb-427a625e8f6a:0
[   57765ms] [ERROR] Failed to load resource: net::ERR_CONNECTION_REFUSED @ http://localhost:3001/wake-events?agent_id=59dad6ec-c8dd-4645-83cb-427a625e8f6a:0
[   60763ms] [ERROR] Failed to load resource: net::ERR_CONNECTION_REFUSED @ http://localhost:3001/actors/59dad6ec-c8dd-4645-83cb-427a625e8f6a:0
[   60763ms] [ERROR] Failed to load resource: net::ERR_CONNECTION_REFUSED @ http://localhost:3001/wake-events?agent_id=59dad6ec-c8dd-4645-83cb-427a625e8f6a:0
[   63764ms] [ERROR] Failed to load resource: net::ERR_CONNECTION_REFUSED @ http://localhost:3001/actors/59dad6ec-c8dd-4645-83cb-427a625e8f6a:0
[   63764ms] [ERROR] Failed to load resource: net::ERR_CONNECTION_REFUSED @ http://localhost:3001/wake-events?agent_id=59dad6ec-c8dd-4645-83cb-427a625e8f6a:0
[   66765ms] [ERROR] Failed to load resource: net::ERR_CONNECTION_REFUSED @ http://localhost:3001/actors/59dad6ec-c8dd-4645-83cb-427a625e8f6a:0
[   66765ms] [ERROR] Failed to load resource: net::ERR_CONNECTION_REFUSED @ http://localhost:3001/wake-events?agent_id=59dad6ec-c8dd-4645-83cb-427a625e8f6a:0
[   69766ms] [ERROR] Failed to load resource: net::ERR_CONNECTION_REFUSED @ http://localhost:3001/actors/59dad6ec-c8dd-4645-83cb-427a625e8f6a:0
[   69766ms] [ERROR] Failed to load resource: net::ERR_CONNECTION_REFUSED @ http://localhost:3001/wake-events?agent_id=59dad6ec-c8dd-4645-83cb-427a625e8f6a:0
[   72766ms] [ERROR] Failed to load resource: net::ERR_CONNECTION_REFUSED @ http://localhost:3001/actors/59dad6ec-c8dd-4645-83cb-427a625e8f6a:0
[   72767ms] [ERROR] Failed to load resource: net::ERR_CONNECTION_REFUSED @ http://localhost:3001/wake-events?agent_id=59dad6ec-c8dd-4645-83cb-427a625e8f6a:0
[   75762ms] [ERROR] Failed to load resource: net::ERR_CONNECTION_REFUSED @ http://localhost:3001/actors/59dad6ec-c8dd-4645-83cb-427a625e8f6a:0
[   75762ms] [ERROR] Failed to load resource: net::ERR_CONNECTION_REFUSED @ http://localhost:3001/wake-events?agent_id=59dad6ec-c8dd-4645-83cb-427a625e8f6a:0
[   78765ms] [ERROR] Failed to load resource: net::ERR_CONNECTION_REFUSED @ http://localhost:3001/actors/59dad6ec-c8dd-4645-83cb-427a625e8f6a:0
[   78766ms] [ERROR] Failed to load resource: net::ERR_CONNECTION_REFUSED @ http://localhost:3001/wake-events?agent_id=59dad6ec-c8dd-4645-83cb-427a625e8f6a:0
[   81763ms] [ERROR] Failed to load resource: net::ERR_CONNECTION_REFUSED @ http://localhost:3001/actors/59dad6ec-c8dd-4645-83cb-427a625e8f6a:0
[   81763ms] [ERROR] Failed to load resource: net::ERR_CONNECTION_REFUSED @ http://localhost:3001/wake-events?agent_id=59dad6ec-c8dd-4645-83cb-427a625e8f6a:0
[   84767ms] [ERROR] Failed to load resource: net::ERR_CONNECTION_REFUSED @ http://localhost:3001/actors/59dad6ec-c8dd-4645-83cb-427a625e8f6a:0
[   84767ms] [ERROR] Failed to load resource: net::ERR_CONNECTION_REFUSED @ http://localhost:3001/wake-events?agent_id=59dad6ec-c8dd-4645-83cb-427a625e8f6a:0
[   87761ms] [ERROR] Failed to load resource: net::ERR_CONNECTION_REFUSED @ http://localhost:3001/actors/59dad6ec-c8dd-4645-83cb-427a625e8f6a:0
[   87761ms] [ERROR] Failed to load resource: net::ERR_CONNECTION_REFUSED @ http://localhost:3001/wake-events?agent_id=59dad6ec-c8dd-4645-83cb-427a625e8f6a:0
[   90761ms] [ERROR] Failed to load resource: net::ERR_CONNECTION_REFUSED @ http://localhost:3001/actors/59dad6ec-c8dd-4645-83cb-427a625e8f6a:0
[   90761ms] [ERROR] Failed to load resource: net::ERR_CONNECTION_REFUSED @ http://localhost:3001/wake-events?agent_id=59dad6ec-c8dd-4645-83cb-427a625e8f6a:0
[   93763ms] [ERROR] Failed to load resource: net::ERR_CONNECTION_REFUSED @ http://localhost:3001/actors/59dad6ec-c8dd-4645-83cb-427a625e8f6a:0
[   93763ms] [ERROR] Failed to load resource: net::ERR_CONNECTION_REFUSED @ http://localhost:3001/wake-events?agent_id=59dad6ec-c8dd-4645-83cb-427a625e8f6a:0
[   96764ms] [ERROR] Failed to load resource: net::ERR_CONNECTION_REFUSED @ http://localhost:3001/actors/59dad6ec-c8dd-4645-83cb-427a625e8f6a:0
[   96765ms] [ERROR] Failed to load resource: net::ERR_CONNECTION_REFUSED @ http://localhost:3001/wake-events?agent_id=59dad6ec-c8dd-4645-83cb-427a625e8f6a:0
[   99765ms] [ERROR] Failed to load resource: net::ERR_CONNECTION_REFUSED @ http://localhost:3001/actors/59dad6ec-c8dd-4645-83cb-427a625e8f6a:0
[   99765ms] [ERROR] Failed to load resource: net::ERR_CONNECTION_REFUSED @ http://localhost:3001/wake-events?agent_id=59dad6ec-c8dd-4645-83cb-427a625e8f6a:0
[  150780ms] [ERROR] WebSocket connection to 'ws://localhost:3000/_next/webpack-hmr' failed:  @ webpack-internal:///(app-pages-browser)/../../node_modules/.pnpm/next@14.2.35_react-dom@18.3.1_react@18.3.1__react@18.3.1/node_modules/next/dist/client/components/react-dev-overlay/internal/helpers/use-websocket.js:41
[  153765ms] [ERROR] Failed to load resource: net::ERR_CONNECTION_REFUSED @ http://localhost:3001/actors/59dad6ec-c8dd-4645-83cb-427a625e8f6a:0
[  153765ms] [ERROR] Failed to load resource: net::ERR_CONNECTION_REFUSED @ http://localhost:3001/wake-events?agent_id=59dad6ec-c8dd-4645-83cb-427a625e8f6a:0
[  156765ms] [ERROR] Failed to load resource: net::ERR_CONNECTION_REFUSED @ http://localhost:3001/actors/59dad6ec-c8dd-4645-83cb-427a625e8f6a:0
[  156765ms] [ERROR] Failed to load resource: net::ERR_CONNECTION_REFUSED @ http://localhost:3001/wake-events?agent_id=59dad6ec-c8dd-4645-83cb-427a625e8f6a:0
[  159763ms] [ERROR] Failed to load resource: net::ERR_CONNECTION_REFUSED @ http://localhost:3001/actors/59dad6ec-c8dd-4645-83cb-427a625e8f6a:0
[  159763ms] [ERROR] Failed to load resource: net::ERR_CONNECTION_REFUSED @ http://localhost:3001/wake-events?agent_id=59dad6ec-c8dd-4645-83cb-427a625e8f6a:0
[  162762ms] [ERROR] Failed to load resource: net::ERR_CONNECTION_REFUSED @ http://localhost:3001/actors/59dad6ec-c8dd-4645-83cb-427a625e8f6a:0
[  162762ms] [ERROR] Failed to load resource: net::ERR_CONNECTION_REFUSED @ http://localhost:3001/wake-events?agent_id=59dad6ec-c8dd-4645-83cb-427a625e8f6a:0
[  165764ms] [ERROR] Failed to load resource: net::ERR_CONNECTION_REFUSED @ http://localhost:3001/actors/59dad6ec-c8dd-4645-83cb-427a625e8f6a:0
[  165764ms] [ERROR] Failed to load resource: net::ERR_CONNECTION_REFUSED @ http://localhost:3001/wake-events?agent_id=59dad6ec-c8dd-4645-83cb-427a625e8f6a:0
[  168763ms] [ERROR] Failed to load resource: net::ERR_CONNECTION_REFUSED @ http://localhost:3001/actors/59dad6ec-c8dd-4645-83cb-427a625e8f6a:0
[  168764ms] [ERROR] Failed to load resource: net::ERR_CONNECTION_REFUSED @ http://localhost:3001/wake-events?agent_id=59dad6ec-c8dd-4645-83cb-427a625e8f6a:0
[  171762ms] [ERROR] Failed to load resource: net::ERR_CONNECTION_REFUSED @ http://localhost:3001/actors/59dad6ec-c8dd-4645-83cb-427a625e8f6a:0
[  171762ms] [ERROR] Failed to load resource: net::ERR_CONNECTION_REFUSED @ http://localhost:3001/wake-events?agent_id=59dad6ec-c8dd-4645-83cb-427a625e8f6a:0
[  174765ms] [ERROR] Failed to load resource: net::ERR_CONNECTION_REFUSED @ http://localhost:3001/actors/59dad6ec-c8dd-4645-83cb-427a625e8f6a:0
[  174765ms] [ERROR] Failed to load resource: net::ERR_CONNECTION_REFUSED @ http://localhost:3001/wake-events?agent_id=59dad6ec-c8dd-4645-83cb-427a625e8f6a:0
[  177766ms] [ERROR] Failed to load resource: net::ERR_CONNECTION_REFUSED @ http://localhost:3001/actors/59dad6ec-c8dd-4645-83cb-427a625e8f6a:0
[  177767ms] [ERROR] Failed to load resource: net::ERR_CONNECTION_REFUSED @ http://localhost:3001/wake-events?agent_id=59dad6ec-c8dd-4645-83cb-427a625e8f6a:0
[  180762ms] [ERROR] Failed to load resource: net::ERR_CONNECTION_REFUSED @ http://localhost:3001/actors/59dad6ec-c8dd-4645-83cb-427a625e8f6a:0
[  180762ms] [ERROR] Failed to load resource: net::ERR_CONNECTION_REFUSED @ http://localhost:3001/wake-events?agent_id=59dad6ec-c8dd-4645-83cb-427a625e8f6a:0
[  183765ms] [ERROR] Failed to load resource: net::ERR_CONNECTION_REFUSED @ http://localhost:3001/actors/59dad6ec-c8dd-4645-83cb-427a625e8f6a:0
[  183765ms] [ERROR] Failed to load resource: net::ERR_CONNECTION_REFUSED @ http://localhost:3001/wake-events?agent_id=59dad6ec-c8dd-4645-83cb-427a625e8f6a:0
[  186760ms] [ERROR] Failed to load resource: net::ERR_CONNECTION_REFUSED @ http://localhost:3001/actors/59dad6ec-c8dd-4645-83cb-427a625e8f6a:0
[  186760ms] [ERROR] Failed to load resource: net::ERR_CONNECTION_REFUSED @ http://localhost:3001/wake-events?agent_id=59dad6ec-c8dd-4645-83cb-427a625e8f6a:0
[  189765ms] [ERROR] Failed to load resource: net::ERR_CONNECTION_REFUSED @ http://localhost:3001/actors/59dad6ec-c8dd-4645-83cb-427a625e8f6a:0
[  189765ms] [ERROR] Failed to load resource: net::ERR_CONNECTION_REFUSED @ http://localhost:3001/wake-events?agent_id=59dad6ec-c8dd-4645-83cb-427a625e8f6a:0
[  192763ms] [ERROR] Failed to load resource: net::ERR_CONNECTION_REFUSED @ http://localhost:3001/actors/59dad6ec-c8dd-4645-83cb-427a625e8f6a:0
[  192764ms] [ERROR] Failed to load resource: net::ERR_CONNECTION_REFUSED @ http://localhost:3001/wake-events?agent_id=59dad6ec-c8dd-4645-83cb-427a625e8f6a:0
[  195761ms] [ERROR] Failed to load resource: net::ERR_CONNECTION_REFUSED @ http://localhost:3001/actors/59dad6ec-c8dd-4645-83cb-427a625e8f6a:0
[  195761ms] [ERROR] Failed to load resource: net::ERR_CONNECTION_REFUSED @ http://localhost:3001/wake-events?agent_id=59dad6ec-c8dd-4645-83cb-427a625e8f6a:0
[  198761ms] [ERROR] Failed to load resource: net::ERR_CONNECTION_REFUSED @ http://localhost:3001/actors/59dad6ec-c8dd-4645-83cb-427a625e8f6a:0
[  198761ms] [ERROR] Failed to load resource: net::ERR_CONNECTION_REFUSED @ http://localhost:3001/wake-events?agent_id=59dad6ec-c8dd-4645-83cb-427a625e8f6a:0
[  201760ms] [ERROR] Failed to load resource: net::ERR_CONNECTION_REFUSED @ http://localhost:3001/actors/59dad6ec-c8dd-4645-83cb-427a625e8f6a:0
[  201760ms] [ERROR] Failed to load resource: net::ERR_CONNECTION_REFUSED @ http://localhost:3001/wake-events?agent_id=59dad6ec-c8dd-4645-83cb-427a625e8f6a:0
[  204762ms] [ERROR] Failed to load resource: net::ERR_CONNECTION_REFUSED @ http://localhost:3001/actors/59dad6ec-c8dd-4645-83cb-427a625e8f6a:0
[  204762ms] [ERROR] Failed to load resource: net::ERR_CONNECTION_REFUSED @ http://localhost:3001/wake-events?agent_id=59dad6ec-c8dd-4645-83cb-427a625e8f6a:0
[  207763ms] [ERROR] Failed to load resource: net::ERR_CONNECTION_REFUSED @ http://localhost:3001/actors/59dad6ec-c8dd-4645-83cb-427a625e8f6a:0
[  207764ms] [ERROR] Failed to load resource: net::ERR_CONNECTION_REFUSED @ http://localhost:3001/wake-events?agent_id=59dad6ec-c8dd-4645-83cb-427a625e8f6a:0
[  210762ms] [ERROR] Failed to load resource: net::ERR_CONNECTION_REFUSED @ http://localhost:3001/actors/59dad6ec-c8dd-4645-83cb-427a625e8f6a:0
[  210762ms] [ERROR] Failed to load resource: net::ERR_CONNECTION_REFUSED @ http://localhost:3001/wake-events?agent_id=59dad6ec-c8dd-4645-83cb-427a625e8f6a:0
[  213761ms] [ERROR] Failed to load resource: net::ERR_CONNECTION_REFUSED @ http://localhost:3001/actors/59dad6ec-c8dd-4645-83cb-427a625e8f6a:0
[  213761ms] [ERROR] Failed to load resource: net::ERR_CONNECTION_REFUSED @ http://localhost:3001/wake-events?agent_id=59dad6ec-c8dd-4645-83cb-427a625e8f6a:0
[  216760ms] [ERROR] Failed to load resource: net::ERR_CONNECTION_REFUSED @ http://localhost:3001/actors/59dad6ec-c8dd-4645-83cb-427a625e8f6a:0
[  216760ms] [ERROR] Failed to load resource: net::ERR_CONNECTION_REFUSED @ http://localhost:3001/wake-events?agent_id=59dad6ec-c8dd-4645-83cb-427a625e8f6a:0
