[     570ms] [ERROR] Failed to load resource: the server responded with a status of 500 (Internal Server Error) @ http://localhost:3000/projects/906b4a98-ec31-4ab6-a4d4-448abd28eed3/agents/59dad6ec-c8dd-4645-83cb-427a625e8f6a:0
[     685ms] [INFO] %cDownload the React DevTools for a better development experience: https://reactjs.org/link/react-devtools font-weight:bold @ webpack-internal:///../../node_modules/.pnpm/react-dom@18.3.1_react@18.3.1/node_modules/react-dom/cjs/react-dom.development.js:29889
[     705ms] Error: Cannot find module './557.js'
Require stack:
- /Users/namng/Work/Binzbonz/apps/web/.next/server/webpack-runtime.js
- /Users/namng/Work/Binzbonz/apps/web/.next/server/app/_not-found/page.js
- /Users/namng/Work/Binzbonz/node_modules/.pnpm/next@14.2.35_react-dom@18.3.1_react@18.3.1__react@18.3.1/node_modules/next/dist/server/require.js
- /Users/namng/Work/Binzbonz/node_modules/.pnpm/next@14.2.35_react-dom@18.3.1_react@18.3.1__react@18.3.1/node_modules/next/dist/server/load-components.js
- /Users/namng/Work/Binzbonz/node_modules/.pnpm/next@14.2.35_react-dom@18.3.1_react@18.3.1__react@18.3.1/node_modules/next/dist/build/utils.js
- /Users/namng/Work/Binzbonz/node_modules/.pnpm/next@14.2.35_react-dom@18.3.1_react@18.3.1__react@18.3.1/node_modules/next/dist/server/dev/hot-middleware.js
- /Users/namng/Work/Binzbonz/node_modules/.pnpm/next@14.2.35_react-dom@18.3.1_react@18.3.1__react@18.3.1/node_modules/next/dist/server/dev/hot-reloader-webpack.js
- /Users/namng/Work/Binzbonz/node_modules/.pnpm/next@14.2.35_react-dom@18.3.1_react@18.3.1__react@18.3.1/node_modules/next/dist/server/lib/router-utils/setup-dev-bundler.js
- /Users/namng/Work/Binzbonz/node_modules/.pnpm/next@14.2.35_react-dom@18.3.1_react@18.3.1__react@18.3.1/node_modules/next/dist/server/lib/router-server.js
- /Users/namng/Work/Binzbonz/node_modules/.pnpm/next@14.2.35_react-dom@18.3.1_react@18.3.1__react@18.3.1/node_modules/next/dist/server/lib/start-server.js
    at Module.<anonymous> (node:internal/modules/cjs/loader:1369:15)
    at <unknown> (file:///Users/namng/Work/Binzbonz/node_modules/.pnpm/next@14.2.35_react-dom@18.3.1_react@18.3.1__react@18.3.1/node_modules/next/dist/server/require-hook.js:55:36)
    at defaultResolveImpl (node:internal/modules/cjs/loader:1025:19)
    at resolveForCJSWithHooks (node:internal/modules/cjs/loader:1030:22)
    at Module._load (node:internal/modules/cjs/loader:1179:37)
    at TracingChannel.traceSync (node:diagnostics_channel:322:14)
    at wrapModuleLoad (node:internal/modules/cjs/loader:235:24)
    at Module.<anonymous> (node:internal/modules/cjs/loader:1449:12)
    at mod.require (file:///Users/namng/Work/Binzbonz/node_modules/.pnpm/next@14.2.35_react-dom@18.3.1_react@18.3.1__react@18.3.1/node_modules/next/dist/server/require-hook.js:65:28)
    at require (node:internal/modules/helpers:135:16)
    at __webpack_require__.f.require (file:///Users/namng/Work/Binzbonz/apps/web/.next/server/webpack-runtime.js:198:28)
    at <unknown> (file:///Users/namng/Work/Binzbonz/apps/web/.next/server/webpack-runtime.js:111:40)
    at Array.reduce (<anonymous>)
    at __webpack_require__.e (file:///Users/namng/Work/Binzbonz/apps/web/.next/server/webpack-runtime.js:110:67)
    at Array.map (<anonymous>)
    at __webpack_require__.X (file:///Users/namng/Work/Binzbonz/apps/web/.next/server/webpack-runtime.js:162:22)
    at <unknown> (file:///Users/namng/Work/Binzbonz/apps/web/.next/server/app/projects/[id]/agents/[agentId]/page.js:1:12578)
    at Object.<anonymous> (file:///Users/namng/Work/Binzbonz/apps/web/.next/server/app/projects/[id]/agents/[agentId]/page.js:1:12619)
    at Module._compile (node:internal/modules/cjs/loader:1692:14)
    at Object..js (node:internal/modules/cjs/loader:1824:10)
    at Module.load (node:internal/modules/cjs/loader:1427:32)
    at Module._load (node:internal/modules/cjs/loader:1250:12)
    at TracingChannel.traceSync (node:diagnostics_channel:322:14)
    at wrapModuleLoad (node:internal/modules/cjs/loader:235:24)
    at Module.<anonymous> (node:internal/modules/cjs/loader:1449:12)
    at mod.require (file:///Users/namng/Work/Binzbonz/node_modules/.pnpm/next@14.2.35_react-dom@18.3.1_react@18.3.1__react@18.3.1/node_modules/next/dist/server/require-hook.js:65:28)
    at require (node:internal/modules/helpers:135:16)
    at requirePage (file:///Users/namng/Work/Binzbonz/node_modules/.pnpm/next@14.2.35_react-dom@18.3.1_react@18.3.1__react@18.3.1/node_modules/next/dist/server/require.js:109:84)
    at <unknown> (file:///Users/namng/Work/Binzbonz/node_modules/.pnpm/next@14.2.35_react-dom@18.3.1_react@18.3.1__react@18.3.1/node_modules/next/dist/server/load-components.js:103:84)
    at async loadComponentsImpl (file:///Users/namng/Work/Binzbonz/node_modules/.pnpm/next@14.2.35_react-dom@18.3.1_react@18.3.1__react@18.3.1/node_modules/next/dist/server/load-components.js:103:26)
    at async DevServer.findPageComponentsImpl (file:///Users/namng/Work/Binzbonz/node_modules/.pnpm/next@14.2.35_react-dom@18.3.1_react@18.3.1__react@18.3.1/node_modules/next/dist/server/next-server.js:714:36)
    at async DevServer.findPageComponents (file:///Users/namng/Work/Binzbonz/node_modules/.pnpm/next@14.2.35_react-dom@18.3.1_react@18.3.1__react@18.3.1/node_modules/next/dist/server/dev/next-dev-server.js:577:20)
    at async DevServer.renderPageComponent (file:///Users/namng/Work/Binzbonz/node_modules/.pnpm/next@14.2.35_react-dom@18.3.1_react@18.3.1__react@18.3.1/node_modules/next/dist/server/base-server.js:1910:24)
    at async DevServer.renderToResponseImpl (file:///Users/namng/Work/Binzbonz/node_modules/.pnpm/next@14.2.35_react-dom@18.3.1_react@18.3.1__react@18.3.1/node_modules/next/dist/server/base-server.js:1962:32)
    at async DevServer.pipeImpl (file:///Users/namng/Work/Binzbonz/node_modules/.pnpm/next@14.2.35_react-dom@18.3.1_react@18.3.1__react@18.3.1/node_modules/next/dist/server/base-server.js:922:25)
    at async NextNodeServer.handleCatchallRenderRequest (file:///Users/namng/Work/Binzbonz/node_modules/.pnpm/next@14.2.35_react-dom@18.3.1_react@18.3.1__react@18.3.1/node_modules/next/dist/server/next-server.js:272:17)
    at async DevServer.handleRequestImpl (file:///Users/namng/Work/Binzbonz/node_modules/.pnpm/next@14.2.35_react-dom@18.3.1_react@18.3.1__react@18.3.1/node_modules/next/dist/server/base-server.js:818:17)
    at async (file:///Users/namng/Work/Binzbonz/node_modules/.pnpm/next@14.2.35_react-dom@18.3.1_react@18.3.1__react@18.3.1/node_modules/next/dist/server/dev/next-dev-server.js:339:20)
    at async Span.traceAsyncFn (file:///Users/namng/Work/Binzbonz/node_modules/.pnpm/next@14.2.35_react-dom@18.3.1_react@18.3.1__react@18.3.1/node_modules/next/dist/trace/trace.js:154:20)
    at async DevServer.handleRequest (file:///Users/namng/Work/Binzbonz/node_modules/.pnpm/next@14.2.35_react-dom@18.3.1_react@18.3.1__react@18.3.1/node_modules/next/dist/server/dev/next-dev-server.js:336:24)
    at async invokeRender (file:///Users/namng/Work/Binzbonz/node_modules/.pnpm/next@14.2.35_react-dom@18.3.1_react@18.3.1__react@18.3.1/node_modules/next/dist/server/lib/router-server.js:179:21)
    at async handleRequest (file:///Users/namng/Work/Binzbonz/node_modules/.pnpm/next@14.2.35_react-dom@18.3.1_react@18.3.1__react@18.3.1/node_modules/next/dist/server/lib/router-server.js:359:24)
    at async requestHandlerImpl (file:///Users/namng/Work/Binzbonz/node_modules/.pnpm/next@14.2.35_react-dom@18.3.1_react@18.3.1__react@18.3.1/node_modules/next/dist/server/lib/router-server.js:383:13)
    at async Server.requestListener (file:///Users/namng/Work/Binzbonz/node_modules/.pnpm/next@14.2.35_react-dom@18.3.1_react@18.3.1__react@18.3.1/node_modules/next/dist/server/lib/start-server.js:141:13)
[     705ms] [LOG] [HMR] connected @ webpack-internal:///../../node_modules/.pnpm/next@14.2.35_react-dom@18.3.1_react@18.3.1__react@18.3.1/node_modules/next/dist/client/components/react-dev-overlay/pages/websocket.js:38
