[     111ms] [LOG] [Fast Refresh] rebuilding @ webpack-internal:///(app-pages-browser)/../../node_modules/.pnpm/next@14.2.35_react-dom@18.3.1_react@18.3.1__react@18.3.1/node_modules/next/dist/client/components/react-dev-overlay/app/hot-reloader-client.js:186
[     258ms] [LOG] [Fast Refresh] done in 147ms @ webpack-internal:///(app-pages-browser)/../../node_modules/.pnpm/next@14.2.35_react-dom@18.3.1_react@18.3.1__react@18.3.1/node_modules/next/dist/client/components/react-dev-overlay/app/hot-reloader-client.js:43
[     550ms] [INFO] %cDownload the React DevTools for a better development experience: https://reactjs.org/link/react-devtools font-weight:bold @ webpack-internal:///(app-pages-browser)/../../node_modules/.pnpm/next@14.2.35_react-dom@18.3.1_react@18.3.1__react@18.3.1/node_modules/next/dist/compiled/react-dom/cjs/react-dom.development.js:38559
[   20836ms] [LOG] [Fast Refresh] rebuilding @ webpack-internal:///(app-pages-browser)/../../node_modules/.pnpm/next@14.2.35_react-dom@18.3.1_react@18.3.1__react@18.3.1/node_modules/next/dist/client/components/react-dev-overlay/app/hot-reloader-client.js:186
[   21091ms] [LOG] [Fast Refresh] done in 255ms @ webpack-internal:///(app-pages-browser)/../../node_modules/.pnpm/next@14.2.35_react-dom@18.3.1_react@18.3.1__react@18.3.1/node_modules/next/dist/client/components/react-dev-overlay/app/hot-reloader-client.js:43
[  299779ms] [LOG] [Fast Refresh] rebuilding @ webpack-internal:///(app-pages-browser)/../../node_modules/.pnpm/next@14.2.35_react-dom@18.3.1_react@18.3.1__react@18.3.1/node_modules/next/dist/client/components/react-dev-overlay/app/hot-reloader-client.js:186
[  299884ms] [LOG] [Fast Refresh] done in 104ms @ webpack-internal:///(app-pages-browser)/../../node_modules/.pnpm/next@14.2.35_react-dom@18.3.1_react@18.3.1__react@18.3.1/node_modules/next/dist/client/components/react-dev-overlay/app/hot-reloader-client.js:43
[  299903ms] [ERROR] WebSocket connection to 'ws://localhost:3001/terminal' failed: Error during WebSocket handshake: net::ERR_CONNECTION_RESET @ webpack-internal:///(app-pages-browser)/./components/web-terminal.tsx:47
[  299976ms] [ERROR] WebSocket connection to 'ws://localhost:3001/terminal' failed: Error in connection establishment: net::ERR_CONNECTION_REFUSED @ webpack-internal:///(app-pages-browser)/./components/web-terminal.tsx:47
[  299990ms] [ERROR] WebSocket connection to 'ws://localhost:3001/terminal' failed: Error in connection establishment: net::ERR_CONNECTION_REFUSED @ webpack-internal:///(app-pages-browser)/./components/web-terminal.tsx:47
[  300252ms] [ERROR] Failed to load resource: net::ERR_CONNECTION_REFUSED @ http://localhost:3001/actors/59dad6ec-c8dd-4645-83cb-427a625e8f6a:0
[  300253ms] [ERROR] Failed to load resource: net::ERR_CONNECTION_REFUSED @ http://localhost:3001/wake-events?agent_id=59dad6ec-c8dd-4645-83cb-427a625e8f6a:0
[  303254ms] [ERROR] Failed to load resource: net::ERR_CONNECTION_REFUSED @ http://localhost:3001/actors/59dad6ec-c8dd-4645-83cb-427a625e8f6a:0
[  303255ms] [ERROR] Failed to load resource: net::ERR_CONNECTION_REFUSED @ http://localhost:3001/wake-events?agent_id=59dad6ec-c8dd-4645-83cb-427a625e8f6a:0
[  306254ms] [ERROR] Failed to load resource: net::ERR_CONNECTION_REFUSED @ http://localhost:3001/actors/59dad6ec-c8dd-4645-83cb-427a625e8f6a:0
[  306255ms] [ERROR] Failed to load resource: net::ERR_CONNECTION_REFUSED @ http://localhost:3001/wake-events?agent_id=59dad6ec-c8dd-4645-83cb-427a625e8f6a:0
[  309251ms] [ERROR] Failed to load resource: net::ERR_CONNECTION_REFUSED @ http://localhost:3001/actors/59dad6ec-c8dd-4645-83cb-427a625e8f6a:0
[  309252ms] [ERROR] Failed to load resource: net::ERR_CONNECTION_REFUSED @ http://localhost:3001/wake-events?agent_id=59dad6ec-c8dd-4645-83cb-427a625e8f6a:0
[  312252ms] [ERROR] Failed to load resource: net::ERR_CONNECTION_REFUSED @ http://localhost:3001/actors/59dad6ec-c8dd-4645-83cb-427a625e8f6a:0
[  312252ms] [ERROR] Failed to load resource: net::ERR_CONNECTION_REFUSED @ http://localhost:3001/wake-events?agent_id=59dad6ec-c8dd-4645-83cb-427a625e8f6a:0
[  315250ms] [ERROR] Failed to load resource: net::ERR_CONNECTION_REFUSED @ http://localhost:3001/actors/59dad6ec-c8dd-4645-83cb-427a625e8f6a:0
[  315250ms] [ERROR] Failed to load resource: net::ERR_CONNECTION_REFUSED @ http://localhost:3001/wake-events?agent_id=59dad6ec-c8dd-4645-83cb-427a625e8f6a:0
[  318252ms] [ERROR] Failed to load resource: net::ERR_CONNECTION_REFUSED @ http://localhost:3001/actors/59dad6ec-c8dd-4645-83cb-427a625e8f6a:0
[  318252ms] [ERROR] Failed to load resource: net::ERR_CONNECTION_REFUSED @ http://localhost:3001/wake-events?agent_id=59dad6ec-c8dd-4645-83cb-427a625e8f6a:0
[  321255ms] [ERROR] Failed to load resource: net::ERR_CONNECTION_REFUSED @ http://localhost:3001/actors/59dad6ec-c8dd-4645-83cb-427a625e8f6a:0
[  321256ms] [ERROR] Failed to load resource: net::ERR_CONNECTION_REFUSED @ http://localhost:3001/wake-events?agent_id=59dad6ec-c8dd-4645-83cb-427a625e8f6a:0
[  324254ms] [ERROR] Failed to load resource: net::ERR_CONNECTION_REFUSED @ http://localhost:3001/actors/59dad6ec-c8dd-4645-83cb-427a625e8f6a:0
[  324255ms] [ERROR] Failed to load resource: net::ERR_CONNECTION_REFUSED @ http://localhost:3001/wake-events?agent_id=59dad6ec-c8dd-4645-83cb-427a625e8f6a:0
